<?xml version="1.0" encoding="UTF-8" ?>
<testsuite errors="0" failures="0" hostname="LAPTOP-I3LTI4VH" name="codeChain.CodeChainTest" skipped="0" tests="5" time="0.092" timestamp="2018-12-05T21:59:10">
  <properties>
[...]
</properties>
  <testcase classname="codeChain.CodeChainTest" name="testBlockSetArguments" time="0.005" />
  <testcase classname="codeChain.CodeChainTest" name="testBlockExecute" time="0.0" />
  <testcase classname="codeChain.CodeChainTest" name="testAddToMap" time="0.0" />
  <testcase classname="codeChain.CodeChainTest" name="testExecute" time="0.001" />
  <testcase classname="codeChain.CodeChainTest" name="testBuildBlock" time="0.0" />
  <system-out><![CDATA[]]></system-out>
  <system-err><![CDATA[]]></system-err>
</testsuite>
